<?xml version="1.0" encoding="UTF-8"?>
<!-- Generated by org.testng.reporters.JUnitReportReporter -->
<testsuite hostname="Mohameds-MacBook-Pro.local" failures="0" tests="1" name="com.testngtest.GetValueFromDataProvider" time="0.008" errors="0" timestamp="02 Mar 2024 07:35:07 GMT" skipped="0">
  <testcase classname="com.testngtest.GetValueFromDataProvider" name="getData" time="0.008"/>
</testsuite> <!-- com.testngtest.GetValueFromDataProvider -->
