<?xml version="1.0" encoding="UTF-8"?>
<!-- Generated by org.testng.reporters.JUnitReportReporter -->
<testsuite hostname="Mohameds-MacBook-Pro.local" failures="0" tests="3" name="com.testngtest.InvocationCountExample" time="0.325" errors="0" timestamp="02 Mar 2024 08:22:50 GMT" skipped="0">
  <testcase classname="com.testngtest.InvocationCountExample" name="innovacationMethod" time="0.113"/>
  <testcase classname="com.testngtest.InvocationCountExample" name="innovacationMethod" time="0.108"/>
  <testcase classname="com.testngtest.InvocationCountExample" name="innovacationMethod" time="0.104"/>
</testsuite> <!-- com.testngtest.InvocationCountExample -->
