<?xml version="1.0" encoding="UTF-8"?>
<!-- Generated by org.testng.reporters.JUnitReportReporter -->
<testsuite hostname="Mohameds-MacBook-Pro.local" failures="0" tests="3" name="com.testngtest.IgnoreTest" time="0.007" errors="0" timestamp="25 Feb 2024 06:40:57 GMT" skipped="2">
  <testcase classname="com.testngtest.IgnoreTest" name="test3" time="0.007"/>
  <testcase classname="com.testngtest.IgnoreTest" name="test2">
    <skipped/>
  </testcase> <!-- test2 -->
  <testcase classname="com.testngtest.IgnoreTest" name="test1">
    <skipped/>
  </testcase> <!-- test1 -->
</testsuite> <!-- com.testngtest.IgnoreTest -->
