<?xml version="1.0" encoding="UTF-8"?>
<!-- Generated by org.testng.reporters.JUnitReportReporter -->
<testsuite hostname="Mohameds-MacBook-Pro.local" failures="0" tests="1" name="com.testngtest.CrossBrowserTesting2" time="6.406" errors="0" timestamp="03 Mar 2024 06:02:18 GMT" skipped="0">
  <testcase classname="com.testngtest.CrossBrowserTesting2" name="test1" time="6.406"/>
</testsuite> <!-- com.testngtest.CrossBrowserTesting2 -->
