<?xml version="1.0" encoding="UTF-8"?>
<!-- Generated by org.testng.reporters.JUnitReportReporter -->
<testsuite hostname="Mohameds-MacBook-Pro.local" failures="0" tests="1" name="com.testngtest.ParallelMethod" time="33.698" errors="0" timestamp="02 Mar 2024 08:43:45 GMT" skipped="0">
  <testcase classname="com.testngtest.ParallelMethod" name="ChromeTest" time="33.698"/>
</testsuite> <!-- com.testngtest.ParallelMethod -->
