<?xml version="1.0" encoding="UTF-8"?>
<!-- Generated by org.testng.reporters.JUnitReportReporter -->
<testsuite hostname="Mohameds-MacBook-Pro.local" failures="0" tests="4" name="com.testngtest.PriorityTest" time="0.008" errors="0" timestamp="25 Feb 2024 07:17:09 GMT" skipped="0">
  <testcase classname="com.testngtest.PriorityTest" name="user" time="0.005"/>
  <testcase classname="com.testngtest.PriorityTest" name="pass" time="0.002"/>
  <testcase classname="com.testngtest.PriorityTest" name="fail" time="0.000"/>
  <testcase classname="com.testngtest.PriorityTest" name="login" time="0.001"/>
</testsuite> <!-- com.testngtest.PriorityTest -->
