<?xml version="1.0" encoding="UTF-8"?>
<!-- Generated by org.testng.reporters.JUnitReportReporter -->
<testsuite hostname="Mohameds-MacBook-Pro.local" failures="0" tests="2" name="com.testngtest.GroupTest" time="0.017" errors="0" timestamp="25 Feb 2024 07:07:58 GMT" skipped="0">
  <testcase classname="com.testngtest.GroupTest" name="test1" time="0.015"/>
  <testcase classname="com.testngtest.GroupTest" name="test4" time="0.002"/>
</testsuite> <!-- com.testngtest.GroupTest -->
