<?xml version="1.0" encoding="UTF-8"?>
<!-- Generated by org.testng.reporters.JUnitReportReporter -->
<testsuite hostname="Mohameds-MacBook-Pro.local" failures="0" tests="2" name="com.testngtest.TestDataParameter" time="0.014" errors="0" timestamp="02 Mar 2024 05:25:19 GMT" skipped="0">
  <testcase classname="com.testngtest.TestDataParameter" name="userName1" time="0.001"/>
  <testcase classname="com.testngtest.TestDataParameter" name="userName" time="0.013"/>
</testsuite> <!-- com.testngtest.TestDataParameter -->
