<?xml version="1.0" encoding="UTF-8"?>
<!-- Generated by org.testng.reporters.JUnitReportReporter -->
<testsuite hostname="Mohameds-MacBook-Pro.local" failures="0" tests="1" name="com.testngtest.InnovationCountExample" time="0.007" errors="0" timestamp="02 Mar 2024 07:39:33 GMT" skipped="0">
  <testcase classname="com.testngtest.InnovationCountExample" name="innovacationMethod" time="0.007"/>
</testsuite> <!-- com.testngtest.InnovationCountExample -->
