<?xml version="1.0" encoding="UTF-8"?>
<!-- Generated by org.testng.reporters.JUnitReportReporter -->
<testsuite hostname="Mohameds-MacBook-Pro.local" failures="0" tests="2" name="com.testngtest.CrossBrowserTesting" time="14.389" errors="0" timestamp="03 Mar 2024 05:56:08 GMT" skipped="0">
  <testcase classname="com.testngtest.CrossBrowserTesting" name="test1" time="5.646"/>
  <testcase classname="com.testngtest.CrossBrowserTesting" name="test1" time="8.743"/>
</testsuite> <!-- com.testngtest.CrossBrowserTesting -->
