<?xml version="1.0" encoding="UTF-8"?>
<!-- Generated by org.testng.reporters.JUnitReportReporter -->
<testsuite hostname="Mohameds-MacBook-Pro.local" failures="0" tests="2" name="com.testngtest.ThreadCountTest" time="0.016" errors="0" timestamp="01 Mar 2024 17:27:59 GMT" skipped="0">
  <testcase classname="com.testngtest.ThreadCountTest" name="testThreadPools" time="0.003"/>
  <testcase classname="com.testngtest.ThreadCountTest" name="testThreadPools" time="0.013"/>
</testsuite> <!-- com.testngtest.ThreadCountTest -->
