<?xml version="1.0" encoding="UTF-8"?>
<!-- Generated by org.testng.reporters.JUnitReportReporter -->
<testsuite hostname="DESKTOP-ONNOD4R" failures="0" tests="3" name="com.testngtest.Include_ExcludeTest" time="0.009" errors="0" timestamp="07 Mar 2024 17:39:17 GMT" skipped="0">
  <testcase classname="com.testngtest.Include_ExcludeTest" name="testMethod2" time="0.001"/>
  <testcase classname="com.testngtest.Include_ExcludeTest" name="testMethod" time="0.007"/>
  <testcase classname="com.testngtest.Include_ExcludeTest" name="testMethod1" time="0.001"/>
</testsuite> <!-- com.testngtest.Include_ExcludeTest -->
