<?xml version="1.0" encoding="UTF-8"?>
<!-- Generated by org.testng.reporters.JUnitReportReporter -->
<testsuite hostname="Mohameds-MacBook-Pro.local" failures="0" tests="1" name="com.testngtest.HardAndSoftAssertValidation" time="0.009" errors="0" timestamp="25 Feb 2024 08:01:24 GMT" skipped="0">
  <testcase classname="com.testngtest.HardAndSoftAssertValidation" name="softAssert" time="0.009"/>
</testsuite> <!-- com.testngtest.HardAndSoftAssertValidation -->
