<?xml version="1.0" encoding="UTF-8"?>
<!-- Generated by org.testng.reporters.JUnitReportReporter -->
<testsuite hostname="DESKTOP-ONNOD4R" failures="0" tests="2" name="com.testngtest.TestNGSample" time="0.005" errors="0" timestamp="07 Mar 2024 17:55:32 GMT" skipped="0">
  <testcase classname="com.testngtest.TestNGSample" name="testMethod" time="0.004"/>
  <testcase classname="com.testngtest.TestNGSample" name="testMethod1" time="0.001"/>
</testsuite> <!-- com.testngtest.TestNGSample -->
