<?xml version="1.0" encoding="UTF-8"?>
<!-- Generated by org.testng.reporters.JUnitReportReporter -->
<testsuite hostname="Mohameds-MacBook-Pro.local" failures="0" tests="1" name="com.testngtest.ParallelClass" time="37.347" errors="0" timestamp="02 Mar 2024 08:43:45 GMT" skipped="0">
  <testcase classname="com.testngtest.ParallelClass" name="EdgeTest" time="37.347"/>
</testsuite> <!-- com.testngtest.ParallelClass -->
