<?xml version="1.0" encoding="UTF-8"?>
<!-- Generated by org.testng.reporters.JUnitReportReporter -->
<testsuite hostname="Mohameds-MacBook-Pro.local" failures="0" tests="2" name="com.testngtest.GroupTest1" time="0.002" errors="0" timestamp="25 Feb 2024 07:07:58 GMT" skipped="0">
  <testcase classname="com.testngtest.GroupTest1" name="test4" time="0.001"/>
  <testcase classname="com.testngtest.GroupTest1" name="test1" time="0.001"/>
</testsuite> <!-- com.testngtest.GroupTest1 -->
